[INFO] :: 2025-07-09 21:38:47  :: roles  :: get_all_permissions :: 86  :: User admin requesting permissions list
[INFO] :: 2025-07-09 21:38:47  :: roles  :: is_admin :: 28  :: Checking admin privileges for user: admin (ID: 52, Role ID: 2)
[INFO] :: 2025-07-09 21:38:47  :: roles  :: is_admin :: 31  :: User admin has admin role (role_id 2)
[INFO] :: 2025-07-09 21:38:47  :: roles  :: get_all_roles :: 123  :: User admin requesting roles list
[INFO] :: 2025-07-09 21:38:47  :: roles  :: is_admin :: 28  :: Checking admin privileges for user: admin (ID: 52, Role ID: 2)
[INFO] :: 2025-07-09 21:38:47  :: roles  :: is_admin :: 31  :: User admin has admin role (role_id 2)
[INFO] :: 2025-07-09 21:38:47  :: roles  :: get_all_permissions :: 93  :: Retrieved 11 permissions for user admin
[INFO] :: 2025-07-09 21:38:47  :: roles  :: get_all_permissions :: 103  :: Returning 11 permissions to frontend
[INFO] :: 2025-07-09 21:38:47  :: roles  :: get_all_permissions :: 86  :: User admin requesting permissions list
[INFO] :: 2025-07-09 21:38:47  :: roles  :: is_admin :: 28  :: Checking admin privileges for user: admin (ID: 52, Role ID: 2)
[INFO] :: 2025-07-09 21:38:47  :: roles  :: is_admin :: 31  :: User admin has admin role (role_id 2)
[INFO] :: 2025-07-09 21:38:47  :: roles  :: get_all_permissions :: 93  :: Retrieved 11 permissions for user admin
[INFO] :: 2025-07-09 21:38:47  :: roles  :: get_all_permissions :: 103  :: Returning 11 permissions to frontend
[INFO] :: 2025-07-09 21:38:47  :: roles  :: get_all_roles :: 130  :: Found 5 roles in database
[INFO] :: 2025-07-09 21:38:47  :: roles  :: get_all_roles :: 139  :: Processing role: Admin (ID: 2)
[INFO] :: 2025-07-09 21:38:47  :: roles  :: get_all_roles :: 145  :: Role 'Admin' is a system role - granting all permissions
[INFO] :: 2025-07-09 21:38:47  :: roles  :: get_all_roles :: 139  :: Processing role: Developer (ID: 4)
[INFO] :: 2025-07-09 21:38:47  :: roles  :: get_all_roles :: 162  :: Role 'Developer' has 3 assigned permissions
[INFO] :: 2025-07-09 21:38:47  :: roles  :: get_all_roles :: 139  :: Processing role: Manager (ID: 5)
[INFO] :: 2025-07-09 21:38:47  :: roles  :: get_all_roles :: 162  :: Role 'Manager' has 5 assigned permissions
[INFO] :: 2025-07-09 21:38:47  :: roles  :: get_all_roles :: 139  :: Processing role: Org_admin (ID: 6)
[INFO] :: 2025-07-09 21:38:47  :: roles  :: get_all_roles :: 162  :: Role 'Org_admin' has 11 assigned permissions
[INFO] :: 2025-07-09 21:38:47  :: roles  :: get_all_roles :: 139  :: Processing role: User (ID: 1)
[INFO] :: 2025-07-09 21:38:47  :: roles  :: get_all_roles :: 162  :: Role 'User' has 6 assigned permissions
[INFO] :: 2025-07-09 21:38:47  :: roles  :: get_all_roles :: 191  :: Successfully processed 5 roles, returning to frontend
[INFO] :: 2025-07-09 21:38:47  :: roles  :: get_all_roles :: 123  :: User admin requesting roles list
[INFO] :: 2025-07-09 21:38:47  :: roles  :: is_admin :: 28  :: Checking admin privileges for user: admin (ID: 52, Role ID: 2)
[INFO] :: 2025-07-09 21:38:47  :: roles  :: is_admin :: 31  :: User admin has admin role (role_id 2)
[INFO] :: 2025-07-09 21:38:47  :: roles  :: get_all_roles :: 130  :: Found 5 roles in database
[INFO] :: 2025-07-09 21:38:47  :: roles  :: get_all_roles :: 139  :: Processing role: Admin (ID: 2)
[INFO] :: 2025-07-09 21:38:47  :: roles  :: get_all_roles :: 145  :: Role 'Admin' is a system role - granting all permissions
[INFO] :: 2025-07-09 21:38:47  :: roles  :: get_all_roles :: 139  :: Processing role: Developer (ID: 4)
[INFO] :: 2025-07-09 21:38:47  :: roles  :: get_all_roles :: 162  :: Role 'Developer' has 3 assigned permissions
[INFO] :: 2025-07-09 21:38:47  :: roles  :: get_all_roles :: 139  :: Processing role: Manager (ID: 5)
[INFO] :: 2025-07-09 21:38:47  :: roles  :: get_all_roles :: 162  :: Role 'Manager' has 5 assigned permissions
[INFO] :: 2025-07-09 21:38:47  :: roles  :: get_all_roles :: 139  :: Processing role: Org_admin (ID: 6)
[INFO] :: 2025-07-09 21:38:47  :: roles  :: get_all_roles :: 162  :: Role 'Org_admin' has 11 assigned permissions
[INFO] :: 2025-07-09 21:38:47  :: roles  :: get_all_roles :: 139  :: Processing role: User (ID: 1)
[INFO] :: 2025-07-09 21:38:47  :: roles  :: get_all_roles :: 162  :: Role 'User' has 6 assigned permissions
[INFO] :: 2025-07-09 21:38:47  :: roles  :: get_all_roles :: 191  :: Successfully processed 5 roles, returning to frontend
[INFO] :: 2025-07-09 21:38:53  :: roles  :: update_role :: 318  :: User admin updating role ID: 4
[INFO] :: 2025-07-09 21:38:53  :: roles  :: is_admin :: 28  :: Checking admin privileges for user: admin (ID: 52, Role ID: 2)
[INFO] :: 2025-07-09 21:38:53  :: roles  :: is_admin :: 31  :: User admin has admin role (role_id 2)
[INFO] :: 2025-07-09 21:38:53  :: roles  :: update_role :: 389  :: Successfully updated role Developer
